<?xml version="1.0" encoding="UTF-8"?>
<testsuite name="org.adaschool.Weather.WeatherReportServiceTest" tests="1" skipped="0" failures="0" errors="0" timestamp="2024-09-27T02:24:31" hostname="2HPWOM440I1007" time="2.099">
  <properties/>
  <testcase name="testGetWeatherReport()" classname="org.adaschool.Weather.WeatherReportServiceTest" time="2.099"/>
  <system-out><![CDATA[21:24:33.163 [Test worker] DEBUG org.springframework.web.client.RestTemplate - HTTP GET https://api.openweathermap.org/data/2.5/weather?lat=37.8267&lon=-122.4233&appid=104d22b3936578505592bc898eb899e7
21:24:33.259 [Test worker] DEBUG org.springframework.web.client.RestTemplate - Accept=[application/json, application/*+json]
21:24:33.721 [Test worker] DEBUG org.springframework.web.client.RestTemplate - Response 200 OK
21:24:33.728 [Test worker] DEBUG org.springframework.web.client.RestTemplate - Reading to [org.adaschool.Weather.data.WeatherApiResponse]
]]></system-out>
  <system-err><![CDATA[]]></system-err>
</testsuite>
